key trace size: 50000000
Randomize the trace...------------------------------------------------
HashType:              CCEH
Init Capacity:         16777216
Entries:               50000000
Trace size:            50000000
Read:                  1000000 
Write:                 1000000 
Thread:                8 
Report interval:       0 s
Stats interval:        10000000 records
benchmarks:            load,readrandom
------------------------------------------------
[32mStart IPMWatcher for load
[0mthread  7, between 43750000 - 50000000
thread  2, between 12500000 - 18750000
thread  1, between 6250000 - 12500000
thread  0, between 0 - 6250000
thread  3, between 18750000 - 25000000
thread  4, between 25000000 - 31250000
thread  6, between 37500000 - 43750000
thread  5, between 31250000 - 37500000
load         :       0.127 micros/op 7.510350 Mops/s;
[34mDIMM0 | Read from IMC | Write from IMC |  Read DIMM  |  Write DIMM  |   RA   |   WA   |
  MB  |       2872.28 |        1212.45 |     6048.82 |      4015.93 |   2.11 |   3.31 |[0m
[34mDIMM1 | Read from IMC | Write from IMC |  Read DIMM  |  Write DIMM  |   RA   |   WA   |
  MB  |       2871.12 |        1211.74 |     6058.21 |      4014.72 |   2.11 |   3.31 |[0m
[34mDIMM2 | Read from IMC | Write from IMC |  Read DIMM  |  Write DIMM  |   RA   |   WA   |
  MB  |       2873.76 |        1212.41 |     6026.11 |      4001.46 |   2.10 |   3.30 |[0m
[34mDIMM3 | Read from IMC | Write from IMC |  Read DIMM  |  Write DIMM  |   RA   |   WA   |
  MB  |       2110.83 |         799.88 |     3718.11 |      2353.09 |   1.76 |   2.94 |[0m
[34mDIMM4 | Read from IMC | Write from IMC |  Read DIMM  |  Write DIMM  |   RA   |   WA   |
  MB  |       2110.23 |         799.52 |     3707.38 |      2346.61 |   1.76 |   2.94 |[0m
[34mDIMM5 | Read from IMC | Write from IMC |  Read DIMM  |  Write DIMM  |   RA   |   WA   |
  MB  |       2109.24 |         799.64 |     3699.49 |      2342.38 |   1.75 |   2.93 |[0m
[34m*SUM* | DIMM-R:  4607.4 MB/s. User-R:  2353.9 MB/s   | DIMM-W:  3003.7 MB/s, User-W:   950.5 MB/s. Time:   6.35s.[0m
App Read: 14947.5 MB, Raw Read: 29258.1 MB, App Write:  6035.6 MB, Raw Write: 19074.2 MB
[32mDestroy IPMWatcher.
[0m
Randomize the trace...[32mStart IPMWatcher for readrandom
[0mreadrandom   :       0.090 micros/op 10.652068 Mops/s; (num: 1000000, not find: 0)
[34mDIMM0 | Read from IMC | Write from IMC |  Read DIMM  |  Write DIMM  |   RA   |   WA   |
  MB  |        491.25 |         109.47 |     1145.58 |       441.02 |   2.33 |   4.03 |[0m
[34mDIMM1 | Read from IMC | Write from IMC |  Read DIMM  |  Write DIMM  |   RA   |   WA   |
  MB  |        490.29 |         109.27 |     1148.00 |       441.43 |   2.34 |   4.04 |[0m
[34mDIMM2 | Read from IMC | Write from IMC |  Read DIMM  |  Write DIMM  |   RA   |   WA   |
  MB  |        492.85 |         109.58 |     1147.42 |       441.41 |   2.33 |   4.03 |[0m
[34mDIMM3 | Read from IMC | Write from IMC |  Read DIMM  |  Write DIMM  |   RA   |   WA   |
  MB  |        317.37 |           0.03 |      569.86 |         0.96 |   1.80 |  35.63 |[0m
[34mDIMM4 | Read from IMC | Write from IMC |  Read DIMM  |  Write DIMM  |   RA   |   WA   |
  MB  |        316.86 |           0.03 |      569.18 |         0.95 |   1.80 |  35.32 |[0m
[34mDIMM5 | Read from IMC | Write from IMC |  Read DIMM  |  Write DIMM  |   RA   |   WA   |
  MB  |        316.23 |           0.03 |      568.72 |         0.95 |   1.80 |  35.19 |[0m
[34m*SUM* | DIMM-R:  7184.8 MB/s. User-R:  3383.8 MB/s   | DIMM-W:  1851.4 MB/s, User-W:   458.3 MB/s. Time:   0.72s.[0m
App Read:  2424.9 MB, Raw Read:  5148.8 MB, App Write:   328.4 MB, Raw Write:  1326.7 MB
[32mDestroy IPMWatcher.
[0m
