key trace size: 50000000
Randomize the trace...------------------------------------------------
HashType:              CCEH
Init Capacity:         16777216
Entries:               50000000
Trace size:            50000000
Read:                  1000000 
Write:                 1000000 
Thread:                40 
Report interval:       0 s
Stats interval:        10000000 records
benchmarks:            load,readrandom
------------------------------------------------
[32mStart IPMWatcher for load
[0mthread 39, between 48750000 - 50000000
thread 16, between 20000000 - 21250000
thread 23, between 28750000 - 30000000
thread 20, between 25000000 - 26250000
thread 37, between 46250000 - 47500000
thread 29, between 36250000 - 37500000
thread 26, between 32500000 - 33750000
thread  1, between 1250000 - 2500000
thread 28, between 35000000 - 36250000
thread 32, between 40000000 - 41250000
thread 24, between 30000000 - 31250000
thread 12, between 15000000 - 16250000
thread 31, between 38750000 - 40000000
thread 33, between 41250000 - 42500000
thread 36, between 45000000 - 46250000
thread 34, between 42500000 - 43750000
thread 35, between 43750000 - 45000000
thread 27, between 33750000 - 35000000
thread 38, between 47500000 - 48750000
thread  4, between 5000000 - 6250000
thread  8, between 10000000 - 11250000
thread 11, between 13750000 - 15000000
thread 17, between 21250000 - 22500000
thread 22, between 27500000 - 28750000
thread  2, between 2500000 - 3750000
thread 14, between 17500000 - 18750000
thread 10, between 12500000 - 13750000
thread 18, between 22500000 - 23750000
thread 21, between 26250000 - 27500000
thread  5, between 6250000 - 7500000
thread 13, between 16250000 - 17500000
thread 15, between 18750000 - 20000000
thread  3, between 3750000 - 5000000
thread  6, between 7500000 - 8750000
thread  7, between 8750000 - 10000000
thread 30, between 37500000 - 38750000
thread  0, between 0 - 1250000
thread 19, between 23750000 - 25000000
thread  9, between 11250000 - 12500000
thread 25, between 31250000 - 32500000
load         :       0.055 micros/op 17.320625 Mops/s;
[34mDIMM0 | Read from IMC | Write from IMC |  Read DIMM  |  Write DIMM  |   RA   |   WA   |
  MB  |       2365.77 |        1117.49 |     5013.76 |      3639.23 |   2.12 |   3.26 |[0m
[34mDIMM1 | Read from IMC | Write from IMC |  Read DIMM  |  Write DIMM  |   RA   |   WA   |
  MB  |       2364.41 |        1117.12 |     5021.11 |      3639.62 |   2.12 |   3.26 |[0m
[34mDIMM2 | Read from IMC | Write from IMC |  Read DIMM  |  Write DIMM  |   RA   |   WA   |
  MB  |       2365.04 |        1117.09 |     4998.07 |      3634.61 |   2.11 |   3.25 |[0m
[34mDIMM3 | Read from IMC | Write from IMC |  Read DIMM  |  Write DIMM  |   RA   |   WA   |
  MB  |       1963.46 |         802.20 |     3577.24 |      2354.50 |   1.82 |   2.94 |[0m
[34mDIMM4 | Read from IMC | Write from IMC |  Read DIMM  |  Write DIMM  |   RA   |   WA   |
  MB  |       1960.16 |         801.72 |     3574.84 |      2356.32 |   1.82 |   2.94 |[0m
[34mDIMM5 | Read from IMC | Write from IMC |  Read DIMM  |  Write DIMM  |   RA   |   WA   |
  MB  |       1961.40 |         801.88 |     3555.68 |      2343.22 |   1.81 |   2.92 |[0m
[34m*SUM* | DIMM-R:  9345.3 MB/s. User-R:  4712.6 MB/s   | DIMM-W:  6523.2 MB/s, User-W:  2090.3 MB/s. Time:   2.75s.[0m
App Read: 12980.2 MB, Raw Read: 25740.7 MB, App Write:  5757.5 MB, Raw Write: 17967.5 MB
[32mDestroy IPMWatcher.
[0m
Randomize the trace...[32mStart IPMWatcher for readrandom
[0mreadrandom   :       0.046 micros/op 20.517884 Mops/s; (num: 1000000, not find: 0)
[34mDIMM0 | Read from IMC | Write from IMC |  Read DIMM  |  Write DIMM  |   RA   |   WA   |
  MB  |       1999.52 |         469.75 |     4766.41 |      1890.71 |   2.38 |   4.02 |[0m
[34mDIMM1 | Read from IMC | Write from IMC |  Read DIMM  |  Write DIMM  |   RA   |   WA   |
  MB  |       2000.58 |         468.87 |     4773.68 |      1888.43 |   2.39 |   4.03 |[0m
[34mDIMM2 | Read from IMC | Write from IMC |  Read DIMM  |  Write DIMM  |   RA   |   WA   |
  MB  |       1996.84 |         469.05 |     4750.83 |      1885.45 |   2.38 |   4.02 |[0m
[34mDIMM3 | Read from IMC | Write from IMC |  Read DIMM  |  Write DIMM  |   RA   |   WA   |
  MB  |       1397.00 |           0.03 |     2642.54 |         2.28 |   1.89 |  84.50 |[0m
[34mDIMM4 | Read from IMC | Write from IMC |  Read DIMM  |  Write DIMM  |   RA   |   WA   |
  MB  |       1392.75 |           0.03 |     2636.64 |         2.33 |   1.89 |  86.20 |[0m
[34mDIMM5 | Read from IMC | Write from IMC |  Read DIMM  |  Write DIMM  |   RA   |   WA   |
  MB  |       1394.90 |           0.03 |     2639.62 |         2.22 |   1.89 |  82.24 |[0m
[34m*SUM* | DIMM-R: 11936.8 MB/s. User-R:  5472.2 MB/s   | DIMM-W:  3048.1 MB/s, User-W:   756.6 MB/s. Time:   1.86s.[0m
App Read: 10181.6 MB, Raw Read: 22209.7 MB, App Write:  1407.7 MB, Raw Write:  5671.4 MB
[32mDestroy IPMWatcher.
[0m
