key trace size: 50000000
Randomize the trace...------------------------------------------------
HashType:              CCEH
Init Capacity:         16777216
Entries:               50000000
Trace size:            50000000
Read:                  1000000 
Write:                 1000000 
Thread:                2 
Report interval:       0 s
Stats interval:        10000000 records
benchmarks:            load,readrandom
------------------------------------------------
[32mStart IPMWatcher for load
[0mthread  0, between 0 - 25000000
thread  1, between 25000000 - 50000000
2021/04/05-00:31:21  ... thread 1: (10000000,10000000) ops and ( 1343534.2,1343534.2 ) ops/second in (7.4431,7.4431) seconds
2021/04/05-00:31:21  ... thread 0: (10000000,10000000) ops and ( 1335914.7,1335914.7 ) ops/second in (7.4855,7.4855) seconds
2021/04/05-00:31:30  ... thread 1: (10000000,20000000) ops and ( 1119848.2,1221535.3 ) ops/second in (8.9298,16.3728) seconds
2021/04/05-00:31:30  ... thread 0: (10000000,20000000) ops and ( 1109820.1,1212416.8 ) ops/second in (9.0105,16.4960) seconds
load         :       0.420 micros/op 2.268693 Mops/s;
[34mDIMM0 | Read from IMC | Write from IMC |  Read DIMM  |  Write DIMM  |   RA   |   WA   |
  MB  |       3041.82 |        1309.39 |     6520.03 |      4416.28 |   2.14 |   3.37 |[0m
[34mDIMM1 | Read from IMC | Write from IMC |  Read DIMM  |  Write DIMM  |   RA   |   WA   |
  MB  |       3041.31 |        1309.36 |     6530.17 |      4416.35 |   2.15 |   3.37 |[0m
[34mDIMM2 | Read from IMC | Write from IMC |  Read DIMM  |  Write DIMM  |   RA   |   WA   |
  MB  |       3042.76 |        1309.35 |     6491.99 |      4400.23 |   2.13 |   3.36 |[0m
[34mDIMM3 | Read from IMC | Write from IMC |  Read DIMM  |  Write DIMM  |   RA   |   WA   |
  MB  |       2142.68 |         798.81 |     3747.41 |      2361.29 |   1.75 |   2.96 |[0m
[34mDIMM4 | Read from IMC | Write from IMC |  Read DIMM  |  Write DIMM  |   RA   |   WA   |
  MB  |       2142.52 |         798.87 |     3744.85 |      2361.33 |   1.75 |   2.96 |[0m
[34mDIMM5 | Read from IMC | Write from IMC |  Read DIMM  |  Write DIMM  |   RA   |   WA   |
  MB  |       2145.90 |         799.19 |     3732.01 |      2350.59 |   1.74 |   2.94 |[0m
[34m*SUM* | DIMM-R:  1463.8 MB/s. User-R:   740.2 MB/s   | DIMM-W:   966.1 MB/s, User-W:   300.9 MB/s. Time:  21.02s.[0m
App Read: 15557.0 MB, Raw Read: 30766.5 MB, App Write:  6325.0 MB, Raw Write: 20306.1 MB
[32mDestroy IPMWatcher.
[0m
Randomize the trace...[32mStart IPMWatcher for readrandom
[0mreadrandom   :       0.288 micros/op 3.312376 Mops/s; (num: 1000000, not find: 0)
[34mDIMM0 | Read from IMC | Write from IMC |  Read DIMM  |  Write DIMM  |   RA   |   WA   |
  MB  |        133.78 |          31.21 |      314.26 |       126.45 |   2.35 |   4.05 |[0m
[34mDIMM1 | Read from IMC | Write from IMC |  Read DIMM  |  Write DIMM  |   RA   |   WA   |
  MB  |        133.40 |          31.22 |      314.05 |       126.64 |   2.35 |   4.06 |[0m
[34mDIMM2 | Read from IMC | Write from IMC |  Read DIMM  |  Write DIMM  |   RA   |   WA   |
  MB  |        134.26 |          31.25 |      314.47 |       126.24 |   2.34 |   4.04 |[0m
[34mDIMM3 | Read from IMC | Write from IMC |  Read DIMM  |  Write DIMM  |   RA   |   WA   |
  MB  |         87.95 |           0.03 |      155.17 |         0.74 |   1.76 |  27.60 |[0m
[34mDIMM4 | Read from IMC | Write from IMC |  Read DIMM  |  Write DIMM  |   RA   |   WA   |
  MB  |         88.11 |           0.03 |      155.57 |         0.74 |   1.77 |  27.41 |[0m
[34mDIMM5 | Read from IMC | Write from IMC |  Read DIMM  |  Write DIMM  |   RA   |   WA   |
  MB  |         87.97 |           0.03 |      155.27 |         0.73 |   1.77 |  27.20 |[0m
[34m*SUM* | DIMM-R:  2445.9 MB/s. User-R:  1155.4 MB/s   | DIMM-W:   662.4 MB/s, User-W:   162.8 MB/s. Time:   0.58s.[0m
App Read:   665.5 MB, Raw Read:  1408.8 MB, App Write:    93.8 MB, Raw Write:   381.6 MB
[32mDestroy IPMWatcher.
[0m
