key trace size: 50000000
Randomize the trace...------------------------------------------------
HashType:              CCEH
Init Capacity:         2097152
Entries:               50000000
Trace size:            50000000
Read:                  1000000 
Write:                 1000000 
Thread:                20 
Report interval:       0 s
Stats interval:        10000000 records
benchmarks:            load,readrandom
------------------------------------------------
[32mStart IPMWatcher for load
[0mthread 19, between 47500000 - 50000000
thread  5, between 12500000 - 15000000
thread 10, between 25000000 - 27500000
thread  6, between 15000000 - 17500000
thread 14, between 35000000 - 37500000
thread 16, between 40000000 - 42500000
thread  0, between 0 - 2500000
thread  1, between 2500000 - 5000000
thread  4, between 10000000 - 12500000
thread 18, between 45000000 - 47500000
thread  7, between 17500000 - 20000000
thread  2, between 5000000 - 7500000
thread 17, between 42500000 - 45000000
thread 15, between 37500000 - 40000000
thread 11, between 27500000 - 30000000
thread 13, between 32500000 - 35000000
thread  8, between 20000000 - 22500000
thread  9, between 22500000 - 25000000
thread  3, between 7500000 - 10000000
thread 12, between 30000000 - 32500000
load         :       0.082 micros/op 11.574996 Mops/s;
[34mDIMM0 | Read from IMC | Write from IMC |  Read DIMM  |  Write DIMM  |   RA   |   WA   |
  MB  |       3136.26 |        1292.30 |     6140.90 |      4071.07 |   1.96 |   3.15 |[0m
[34mDIMM1 | Read from IMC | Write from IMC |  Read DIMM  |  Write DIMM  |   RA   |   WA   |
  MB  |       3135.35 |        1292.50 |     6165.16 |      4083.67 |   1.97 |   3.16 |[0m
[34mDIMM2 | Read from IMC | Write from IMC |  Read DIMM  |  Write DIMM  |   RA   |   WA   |
  MB  |       3133.54 |        1292.37 |     6123.19 |      4066.52 |   1.95 |   3.15 |[0m
[34mDIMM3 | Read from IMC | Write from IMC |  Read DIMM  |  Write DIMM  |   RA   |   WA   |
  MB  |       3124.77 |        1282.07 |     6079.17 |      4032.12 |   1.95 |   3.15 |[0m
[34mDIMM4 | Read from IMC | Write from IMC |  Read DIMM  |  Write DIMM  |   RA   |   WA   |
  MB  |       3122.65 |        1282.55 |     6072.17 |      4030.81 |   1.94 |   3.14 |[0m
[34mDIMM5 | Read from IMC | Write from IMC |  Read DIMM  |  Write DIMM  |   RA   |   WA   |
  MB  |       3123.57 |        1282.83 |     6067.85 |      4027.79 |   1.94 |   3.14 |[0m
[34m*SUM* | DIMM-R:  8895.0 MB/s. User-R:  4557.2 MB/s   | DIMM-W:  5900.8 MB/s, User-W:  1874.9 MB/s. Time:   4.12s.[0m
App Read: 18776.2 MB, Raw Read: 36648.4 MB, App Write:  7724.6 MB, Raw Write: 24312.0 MB
[32mDestroy IPMWatcher.
[0m
Randomize the trace...[32mStart IPMWatcher for readrandom
[0mreadrandom   :       0.053 micros/op 18.006800 Mops/s; (num: 1000000, not find: 0)
[34mDIMM0 | Read from IMC | Write from IMC |  Read DIMM  |  Write DIMM  |   RA   |   WA   |
  MB  |       1076.02 |         186.18 |     2353.83 |       748.96 |   2.19 |   4.02 |[0m
[34mDIMM1 | Read from IMC | Write from IMC |  Read DIMM  |  Write DIMM  |   RA   |   WA   |
  MB  |       1075.97 |         186.21 |     2356.25 |       750.35 |   2.19 |   4.03 |[0m
[34mDIMM2 | Read from IMC | Write from IMC |  Read DIMM  |  Write DIMM  |   RA   |   WA   |
  MB  |       1074.62 |         186.43 |     2347.76 |       749.23 |   2.18 |   4.02 |[0m
[34mDIMM3 | Read from IMC | Write from IMC |  Read DIMM  |  Write DIMM  |   RA   |   WA   |
  MB  |       1082.53 |         186.33 |     2353.22 |       749.59 |   2.17 |   4.02 |[0m
[34mDIMM4 | Read from IMC | Write from IMC |  Read DIMM  |  Write DIMM  |   RA   |   WA   |
  MB  |       1075.18 |         186.25 |     2342.90 |       748.76 |   2.18 |   4.02 |[0m
[34mDIMM5 | Read from IMC | Write from IMC |  Read DIMM  |  Write DIMM  |   RA   |   WA   |
  MB  |       1078.44 |         186.23 |     2345.38 |       748.49 |   2.17 |   4.02 |[0m
[34m*SUM* | DIMM-R: 13304.0 MB/s. User-R:  6098.2 MB/s   | DIMM-W:  4241.8 MB/s, User-W:  1054.6 MB/s. Time:   1.06s.[0m
App Read:  6462.7 MB, Raw Read: 14099.3 MB, App Write:  1117.6 MB, Raw Write:  4495.4 MB
[32mDestroy IPMWatcher.
[0m
