key trace size: 50000000
Randomize the trace...------------------------------------------------
HashType:              CCEH
Init Capacity:         2097152
Entries:               50000000
Trace size:            50000000
Read:                  1000000 
Write:                 1000000 
Thread:                16 
Report interval:       0 s
Stats interval:        10000000 records
benchmarks:            load,readrandom
------------------------------------------------
[32mStart IPMWatcher for load
[0mthread 15, between 46875000 - 50000000
thread  1, between 3125000 - 6250000
thread  8, between 25000000 - 28125000
thread  4, between 12500000 - 15625000
thread 12, between 37500000 - 40625000
thread  0, between 0 - 3125000
thread  3, between 9375000 - 12500000
thread  2, between 6250000 - 9375000
thread  5, between 15625000 - 18750000
thread 11, between 34375000 - 37500000
thread 13, between 40625000 - 43750000
thread 14, between 43750000 - 46875000
thread  7, between 21875000 - 25000000
thread  6, between 18750000 - 21875000
thread  9, between 28125000 - 31250000
thread 10, between 31250000 - 34375000
load         :       0.095 micros/op 10.065351 Mops/s;
[34mDIMM0 | Read from IMC | Write from IMC |  Read DIMM  |  Write DIMM  |   RA   |   WA   |
  MB  |       3161.30 |        1298.65 |     6162.68 |      4097.03 |   1.95 |   3.15 |[0m
[34mDIMM1 | Read from IMC | Write from IMC |  Read DIMM  |  Write DIMM  |   RA   |   WA   |
  MB  |       3162.41 |        1299.23 |     6187.38 |      4108.64 |   1.96 |   3.16 |[0m
[34mDIMM2 | Read from IMC | Write from IMC |  Read DIMM  |  Write DIMM  |   RA   |   WA   |
  MB  |       3160.41 |        1298.70 |     6146.27 |      4090.02 |   1.94 |   3.15 |[0m
[34mDIMM3 | Read from IMC | Write from IMC |  Read DIMM  |  Write DIMM  |   RA   |   WA   |
  MB  |       3149.81 |        1288.97 |     6102.09 |      4059.65 |   1.94 |   3.15 |[0m
[34mDIMM4 | Read from IMC | Write from IMC |  Read DIMM  |  Write DIMM  |   RA   |   WA   |
  MB  |       3150.46 |        1288.94 |     6106.23 |      4063.66 |   1.94 |   3.15 |[0m
[34mDIMM5 | Read from IMC | Write from IMC |  Read DIMM  |  Write DIMM  |   RA   |   WA   |
  MB  |       3148.82 |        1288.63 |     6088.68 |      4051.33 |   1.93 |   3.14 |[0m
[34m*SUM* | DIMM-R:  7765.6 MB/s. User-R:  3996.0 MB/s   | DIMM-W:  5164.7 MB/s, User-W:  1638.5 MB/s. Time:   4.74s.[0m
App Read: 18933.2 MB, Raw Read: 36793.3 MB, App Write:  7763.1 MB, Raw Write: 24470.3 MB
[32mDestroy IPMWatcher.
[0m
Randomize the trace...[32mStart IPMWatcher for readrandom
[0mreadrandom   :       0.061 micros/op 15.669052 Mops/s; (num: 1000000, not find: 0)
[34mDIMM0 | Read from IMC | Write from IMC |  Read DIMM  |  Write DIMM  |   RA   |   WA   |
  MB  |        891.76 |         149.69 |     1897.68 |       602.07 |   2.13 |   4.02 |[0m
[34mDIMM1 | Read from IMC | Write from IMC |  Read DIMM  |  Write DIMM  |   RA   |   WA   |
  MB  |        891.89 |         149.85 |     1902.50 |       604.20 |   2.13 |   4.03 |[0m
[34mDIMM2 | Read from IMC | Write from IMC |  Read DIMM  |  Write DIMM  |   RA   |   WA   |
  MB  |        891.06 |         149.91 |     1896.52 |       603.02 |   2.13 |   4.02 |[0m
[34mDIMM3 | Read from IMC | Write from IMC |  Read DIMM  |  Write DIMM  |   RA   |   WA   |
  MB  |        894.14 |         149.54 |     1894.90 |       601.49 |   2.12 |   4.02 |[0m
[34mDIMM4 | Read from IMC | Write from IMC |  Read DIMM  |  Write DIMM  |   RA   |   WA   |
  MB  |        892.36 |         149.83 |     1893.32 |       602.21 |   2.12 |   4.02 |[0m
[34mDIMM5 | Read from IMC | Write from IMC |  Read DIMM  |  Write DIMM  |   RA   |   WA   |
  MB  |        892.27 |         149.67 |     1892.82 |       601.99 |   2.12 |   4.02 |[0m
[34m*SUM* | DIMM-R: 11677.4 MB/s. User-R:  5494.5 MB/s   | DIMM-W:  3710.2 MB/s, User-W:   922.2 MB/s. Time:   0.97s.[0m
App Read:  5353.5 MB, Raw Read: 11377.7 MB, App Write:   898.5 MB, Raw Write:  3615.0 MB
[32mDestroy IPMWatcher.
[0m
