key trace size: 50000000
Randomize the trace...------------------------------------------------
HashType:              CCEH
Init Capacity:         2097152
Entries:               50000000
Trace size:            50000000
Read:                  1000000 
Write:                 1000000 
Thread:                4 
Report interval:       0 s
Stats interval:        10000000 records
benchmarks:            load,readrandom
------------------------------------------------
[32mStart IPMWatcher for load
[0mthread  0, between 0 - 12500000
thread  3, between 37500000 - 50000000
thread  1, between 12500000 - 25000000
thread  2, between 25000000 - 37500000
2021/04/05-12:26:16  ... thread 3: (10000000,10000000) ops and ( 891882.4,891882.4 ) ops/second in (11.2122,11.2122) seconds
2021/04/05-12:26:16  ... thread 1: (10000000,10000000) ops and ( 891794.8,891794.8 ) ops/second in (11.2133,11.2133) seconds
2021/04/05-12:26:16  ... thread 2: (10000000,10000000) ops and ( 891222.1,891222.1 ) ops/second in (11.2205,11.2205) seconds
2021/04/05-12:26:16  ... thread 0: (10000000,10000000) ops and ( 890646.8,890646.8 ) ops/second in (11.2278,11.2278) seconds
load         :       0.280 micros/op 3.403657 Mops/s;
[34mDIMM0 | Read from IMC | Write from IMC |  Read DIMM  |  Write DIMM  |   RA   |   WA   |
  MB  |       3297.76 |        1330.64 |     6592.22 |      4209.84 |   2.00 |   3.16 |[0m
[34mDIMM1 | Read from IMC | Write from IMC |  Read DIMM  |  Write DIMM  |   RA   |   WA   |
  MB  |       3297.66 |        1330.36 |     6615.26 |      4220.85 |   2.01 |   3.17 |[0m
[34mDIMM2 | Read from IMC | Write from IMC |  Read DIMM  |  Write DIMM  |   RA   |   WA   |
  MB  |       3297.79 |        1330.95 |     6580.55 |      4208.12 |   2.00 |   3.16 |[0m
[34mDIMM3 | Read from IMC | Write from IMC |  Read DIMM  |  Write DIMM  |   RA   |   WA   |
  MB  |       3284.91 |        1320.74 |     6548.42 |      4189.53 |   1.99 |   3.17 |[0m
[34mDIMM4 | Read from IMC | Write from IMC |  Read DIMM  |  Write DIMM  |   RA   |   WA   |
  MB  |       3282.53 |        1320.80 |     6539.28 |      4187.78 |   1.99 |   3.17 |[0m
[34mDIMM5 | Read from IMC | Write from IMC |  Read DIMM  |  Write DIMM  |   RA   |   WA   |
  MB  |       3282.36 |        1320.37 |     6523.50 |      4176.86 |   1.99 |   3.16 |[0m
[34m*SUM* | DIMM-R:  2812.3 MB/s. User-R:  1409.2 MB/s   | DIMM-W:  1798.2 MB/s, User-W:   567.7 MB/s. Time:  14.01s.[0m
App Read: 19743.0 MB, Raw Read: 39399.2 MB, App Write:  7953.9 MB, Raw Write: 25193.0 MB
[32mDestroy IPMWatcher.
[0m
Randomize the trace...[32mStart IPMWatcher for readrandom
[0mreadrandom   :       0.209 micros/op 4.552514 Mops/s; (num: 1000000, not find: 0)
[34mDIMM0 | Read from IMC | Write from IMC |  Read DIMM  |  Write DIMM  |   RA   |   WA   |
  MB  |        248.97 |          38.48 |      566.03 |       155.42 |   2.27 |   4.04 |[0m
[34mDIMM1 | Read from IMC | Write from IMC |  Read DIMM  |  Write DIMM  |   RA   |   WA   |
  MB  |        248.99 |          38.57 |      566.97 |       156.15 |   2.28 |   4.05 |[0m
[34mDIMM2 | Read from IMC | Write from IMC |  Read DIMM  |  Write DIMM  |   RA   |   WA   |
  MB  |        248.27 |          38.43 |      563.71 |       154.96 |   2.27 |   4.03 |[0m
[34mDIMM3 | Read from IMC | Write from IMC |  Read DIMM  |  Write DIMM  |   RA   |   WA   |
  MB  |        247.93 |          38.37 |      563.98 |       155.00 |   2.27 |   4.04 |[0m
[34mDIMM4 | Read from IMC | Write from IMC |  Read DIMM  |  Write DIMM  |   RA   |   WA   |
  MB  |        247.74 |          38.44 |      563.60 |       155.22 |   2.27 |   4.04 |[0m
[34mDIMM5 | Read from IMC | Write from IMC |  Read DIMM  |  Write DIMM  |   RA   |   WA   |
  MB  |        248.53 |          38.44 |      564.15 |       154.96 |   2.27 |   4.03 |[0m
[34m*SUM* | DIMM-R:  4042.6 MB/s. User-R:  1778.2 MB/s   | DIMM-W:  1111.6 MB/s, User-W:   275.3 MB/s. Time:   0.84s.[0m
App Read:  1490.4 MB, Raw Read:  3388.4 MB, App Write:   230.7 MB, Raw Write:   931.7 MB
[32mDestroy IPMWatcher.
[0m
