key trace size: 50000000
Randomize the trace...------------------------------------------------
HashType:              CCEH
Init Capacity:         2097152
Entries:               50000000
Trace size:            50000000
Read:                  1000000 
Write:                 1000000 
Thread:                12 
Report interval:       0 s
Stats interval:        10000000 records
benchmarks:            load,readrandom
------------------------------------------------
[32mStart IPMWatcher for load
[0mthread  2, between 8333332 - 12499998
thread  5, between 20833330 - 24999996
thread 11, between 45833326 - 49999992
thread  0, between 0 - 4166666
thread  6, between 24999996 - 29166662
thread  9, between 37499994 - 41666660
thread  7, between 29166662 - 33333328
thread 10, between 41666660 - 45833326
thread  1, between 4166666 - 8333332
thread  3, between 12499998 - 16666664
thread  8, between 33333328 - 37499994
thread  4, between 16666664 - 20833330
load         :       0.114 micros/op 8.335957 Mops/s;
[34mDIMM0 | Read from IMC | Write from IMC |  Read DIMM  |  Write DIMM  |   RA   |   WA   |
  MB  |       3204.91 |        1307.87 |     6232.11 |      4127.24 |   1.94 |   3.16 |[0m
[34mDIMM1 | Read from IMC | Write from IMC |  Read DIMM  |  Write DIMM  |   RA   |   WA   |
  MB  |       3204.83 |        1307.66 |     6256.42 |      4139.51 |   1.95 |   3.17 |[0m
[34mDIMM2 | Read from IMC | Write from IMC |  Read DIMM  |  Write DIMM  |   RA   |   WA   |
  MB  |       3205.88 |        1307.77 |     6222.82 |      4124.12 |   1.94 |   3.15 |[0m
[34mDIMM3 | Read from IMC | Write from IMC |  Read DIMM  |  Write DIMM  |   RA   |   WA   |
  MB  |       3191.16 |        1297.54 |     6174.73 |      4095.91 |   1.93 |   3.16 |[0m
[34mDIMM4 | Read from IMC | Write from IMC |  Read DIMM  |  Write DIMM  |   RA   |   WA   |
  MB  |       3190.10 |        1297.37 |     6169.62 |      4093.58 |   1.93 |   3.16 |[0m
[34mDIMM5 | Read from IMC | Write from IMC |  Read DIMM  |  Write DIMM  |   RA   |   WA   |
  MB  |       3191.22 |        1297.35 |     6157.08 |      4084.94 |   1.93 |   3.15 |[0m
[34m*SUM* | DIMM-R:  6505.0 MB/s. User-R:  3354.2 MB/s   | DIMM-W:  4311.6 MB/s, User-W:  1366.2 MB/s. Time:   5.72s.[0m
App Read: 19188.1 MB, Raw Read: 37212.8 MB, App Write:  7815.6 MB, Raw Write: 24665.3 MB
[32mDestroy IPMWatcher.
[0m
Randomize the trace...[32mStart IPMWatcher for readrandom
[0mreadrandom   :       0.075 micros/op 12.694106 Mops/s; (num: 1000000, not find: 0)
[34mDIMM0 | Read from IMC | Write from IMC |  Read DIMM  |  Write DIMM  |   RA   |   WA   |
  MB  |        661.94 |         113.14 |     1454.48 |       455.31 |   2.20 |   4.02 |[0m
[34mDIMM1 | Read from IMC | Write from IMC |  Read DIMM  |  Write DIMM  |   RA   |   WA   |
  MB  |        661.74 |         113.12 |     1457.36 |       456.20 |   2.20 |   4.03 |[0m
[34mDIMM2 | Read from IMC | Write from IMC |  Read DIMM  |  Write DIMM  |   RA   |   WA   |
  MB  |        660.59 |         112.97 |     1451.14 |       454.57 |   2.20 |   4.02 |[0m
[34mDIMM3 | Read from IMC | Write from IMC |  Read DIMM  |  Write DIMM  |   RA   |   WA   |
  MB  |        663.08 |         112.91 |     1452.15 |       454.55 |   2.19 |   4.03 |[0m
[34mDIMM4 | Read from IMC | Write from IMC |  Read DIMM  |  Write DIMM  |   RA   |   WA   |
  MB  |        661.52 |         113.10 |     1450.75 |       455.15 |   2.19 |   4.02 |[0m
[34mDIMM5 | Read from IMC | Write from IMC |  Read DIMM  |  Write DIMM  |   RA   |   WA   |
  MB  |        662.81 |         113.15 |     1451.34 |       455.31 |   2.19 |   4.02 |[0m
[34m*SUM* | DIMM-R:  9664.4 MB/s. User-R:  4403.2 MB/s   | DIMM-W:  3027.9 MB/s, User-W:   752.1 MB/s. Time:   0.90s.[0m
App Read:  3971.7 MB, Raw Read:  8717.2 MB, App Write:   678.4 MB, Raw Write:  2731.1 MB
[32mDestroy IPMWatcher.
[0m
