key trace size: 50000000
Randomize the trace...------------------------------------------------
HashType:              CCEH
Init Capacity:         16777216
Entries:               50000000
Trace size:            50000000
Read:                  1000000 
Write:                 1000000 
Thread:                4 
Report interval:       0 s
Stats interval:        10000000 records
benchmarks:            load,readrandom
------------------------------------------------
[32mStart IPMWatcher for load
[0mthread  0, between 0 - 12500000
thread  2, between 25000000 - 37500000
thread  1, between 12500000 - 25000000
thread  3, between 37500000 - 50000000
2021/04/05-00:32:51  ... thread 0: (10000000,10000000) ops and ( 1143011.5,1143011.5 ) ops/second in (8.7488,8.7488) seconds
2021/04/05-00:32:51  ... thread 3: (10000000,10000000) ops and ( 1142654.9,1142654.9 ) ops/second in (8.7515,8.7515) seconds
2021/04/05-00:32:51  ... thread 1: (10000000,10000000) ops and ( 1138087.7,1138087.7 ) ops/second in (8.7867,8.7867) seconds
2021/04/05-00:32:51  ... thread 2: (10000000,10000000) ops and ( 1131025.5,1131025.5 ) ops/second in (8.8415,8.8415) seconds
load         :       0.226 micros/op 4.222443 Mops/s;
[34mDIMM0 | Read from IMC | Write from IMC |  Read DIMM  |  Write DIMM  |   RA   |   WA   |
  MB  |       2979.00 |        1273.03 |     6327.93 |      4255.32 |   2.12 |   3.34 |[0m
[34mDIMM1 | Read from IMC | Write from IMC |  Read DIMM  |  Write DIMM  |   RA   |   WA   |
  MB  |       2980.73 |        1273.00 |     6353.50 |      4264.90 |   2.13 |   3.35 |[0m
[34mDIMM2 | Read from IMC | Write from IMC |  Read DIMM  |  Write DIMM  |   RA   |   WA   |
  MB  |       2979.89 |        1272.86 |     6316.23 |      4250.99 |   2.12 |   3.34 |[0m
[34mDIMM3 | Read from IMC | Write from IMC |  Read DIMM  |  Write DIMM  |   RA   |   WA   |
  MB  |       2129.62 |         798.46 |     3721.31 |      2346.99 |   1.75 |   2.94 |[0m
[34mDIMM4 | Read from IMC | Write from IMC |  Read DIMM  |  Write DIMM  |   RA   |   WA   |
  MB  |       2129.54 |         798.48 |     3718.97 |      2345.85 |   1.75 |   2.94 |[0m
[34mDIMM5 | Read from IMC | Write from IMC |  Read DIMM  |  Write DIMM  |   RA   |   WA   |
  MB  |       2127.02 |         797.94 |     3711.16 |      2341.97 |   1.74 |   2.94 |[0m
[34m*SUM* | DIMM-R:  2669.7 MB/s. User-R:  1357.1 MB/s   | DIMM-W:  1753.8 MB/s, User-W:   550.2 MB/s. Time:  11.29s.[0m
App Read: 15325.8 MB, Raw Read: 30149.1 MB, App Write:  6213.8 MB, Raw Write: 19806.0 MB
[32mDestroy IPMWatcher.
[0m
Randomize the trace...[32mStart IPMWatcher for readrandom
[0mreadrandom   :       0.156 micros/op 6.105997 Mops/s; (num: 1000000, not find: 0)
[34mDIMM0 | Read from IMC | Write from IMC |  Read DIMM  |  Write DIMM  |   RA   |   WA   |
  MB  |        257.46 |          58.57 |      599.73 |       236.07 |   2.33 |   4.03 |[0m
[34mDIMM1 | Read from IMC | Write from IMC |  Read DIMM  |  Write DIMM  |   RA   |   WA   |
  MB  |        257.64 |          58.45 |      600.61 |       236.13 |   2.33 |   4.04 |[0m
[34mDIMM2 | Read from IMC | Write from IMC |  Read DIMM  |  Write DIMM  |   RA   |   WA   |
  MB  |        258.05 |          58.56 |      599.94 |       236.01 |   2.32 |   4.03 |[0m
[34mDIMM3 | Read from IMC | Write from IMC |  Read DIMM  |  Write DIMM  |   RA   |   WA   |
  MB  |        169.02 |           0.03 |      296.78 |         0.79 |   1.76 |  29.40 |[0m
[34mDIMM4 | Read from IMC | Write from IMC |  Read DIMM  |  Write DIMM  |   RA   |   WA   |
  MB  |        168.92 |           0.03 |      296.96 |         0.79 |   1.76 |  29.22 |[0m
[34mDIMM5 | Read from IMC | Write from IMC |  Read DIMM  |  Write DIMM  |   RA   |   WA   |
  MB  |        168.90 |           0.03 |      296.78 |         0.79 |   1.76 |  29.20 |[0m
[34m*SUM* | DIMM-R:  4305.3 MB/s. User-R:  2048.0 MB/s   | DIMM-W:  1136.9 MB/s, User-W:   281.1 MB/s. Time:   0.62s.[0m
App Read:  1280.0 MB, Raw Read:  2690.8 MB, App Write:   175.7 MB, Raw Write:   710.6 MB
[32mDestroy IPMWatcher.
[0m
