key trace size: 50000000
Randomize the trace...------------------------------------------------
HashType:              CCEH
Init Capacity:         16777216
Entries:               50000000
Trace size:            50000000
Read:                  1000000 
Write:                 1000000 
Thread:                16 
Report interval:       0 s
Stats interval:        10000000 records
benchmarks:            load,readrandom
------------------------------------------------
[32mStart IPMWatcher for load
[0mthread 15, between 46875000 - 50000000
thread 14, between 43750000 - 46875000
thread  2, between 6250000 - 9375000
thread  9, between 28125000 - 31250000
thread  0, between 0 - 3125000
thread 12, between 37500000 - 40625000
thread  1, between 3125000 - 6250000
thread 11, between 34375000 - 37500000
thread  6, between 18750000 - 21875000
thread 10, between 31250000 - 34375000
thread  4, between 12500000 - 15625000
thread 13, between 40625000 - 43750000
thread  7, between 21875000 - 25000000
thread  5, between 15625000 - 18750000
thread  3, between 9375000 - 12500000
thread  8, between 25000000 - 28125000
load         :       0.076 micros/op 12.511831 Mops/s;
[34mDIMM0 | Read from IMC | Write from IMC |  Read DIMM  |  Write DIMM  |   RA   |   WA   |
  MB  |       2728.80 |        1131.26 |     5652.66 |      3680.49 |   2.07 |   3.25 |[0m
[34mDIMM1 | Read from IMC | Write from IMC |  Read DIMM  |  Write DIMM  |   RA   |   WA   |
  MB  |       2728.25 |        1131.18 |     5668.82 |      3686.44 |   2.08 |   3.26 |[0m
[34mDIMM2 | Read from IMC | Write from IMC |  Read DIMM  |  Write DIMM  |   RA   |   WA   |
  MB  |       2729.58 |        1131.39 |     5644.90 |      3677.40 |   2.07 |   3.25 |[0m
[34mDIMM3 | Read from IMC | Write from IMC |  Read DIMM  |  Write DIMM  |   RA   |   WA   |
  MB  |       2072.96 |         799.59 |     3676.88 |      2345.60 |   1.77 |   2.93 |[0m
[34mDIMM4 | Read from IMC | Write from IMC |  Read DIMM  |  Write DIMM  |   RA   |   WA   |
  MB  |       2074.21 |         799.65 |     3674.18 |      2344.19 |   1.77 |   2.93 |[0m
[34mDIMM5 | Read from IMC | Write from IMC |  Read DIMM  |  Write DIMM  |   RA   |   WA   |
  MB  |       2075.31 |         799.82 |     3672.25 |      2342.35 |   1.77 |   2.93 |[0m
[34m*SUM* | DIMM-R:  7343.3 MB/s. User-R:  3780.3 MB/s   | DIMM-W:  4742.5 MB/s, User-W:  1519.8 MB/s. Time:   3.81s.[0m
App Read: 14409.1 MB, Raw Read: 27989.7 MB, App Write:  5792.9 MB, Raw Write: 18076.5 MB
[32mDestroy IPMWatcher.
[0m
Randomize the trace...[32mStart IPMWatcher for readrandom
[0mreadrandom   :       0.056 micros/op 16.886776 Mops/s; (num: 1000000, not find: 0)
[34mDIMM0 | Read from IMC | Write from IMC |  Read DIMM  |  Write DIMM  |   RA   |   WA   |
  MB  |        945.56 |         194.23 |     2174.08 |       781.80 |   2.30 |   4.03 |[0m
[34mDIMM1 | Read from IMC | Write from IMC |  Read DIMM  |  Write DIMM  |   RA   |   WA   |
  MB  |        942.73 |         194.29 |     2174.62 |       783.50 |   2.31 |   4.03 |[0m
[34mDIMM2 | Read from IMC | Write from IMC |  Read DIMM  |  Write DIMM  |   RA   |   WA   |
  MB  |        950.49 |         194.20 |     2179.43 |       782.01 |   2.29 |   4.03 |[0m
[34mDIMM3 | Read from IMC | Write from IMC |  Read DIMM  |  Write DIMM  |   RA   |   WA   |
  MB  |        612.51 |           0.03 |     1116.13 |         1.20 |   1.82 |  44.66 |[0m
[34mDIMM4 | Read from IMC | Write from IMC |  Read DIMM  |  Write DIMM  |   RA   |   WA   |
  MB  |        611.08 |           0.03 |     1114.39 |         1.20 |   1.82 |  44.61 |[0m
[34mDIMM5 | Read from IMC | Write from IMC |  Read DIMM  |  Write DIMM  |   RA   |   WA   |
  MB  |        610.39 |           0.03 |     1113.88 |         1.19 |   1.82 |  44.19 |[0m
[34m*SUM* | DIMM-R: 10920.0 MB/s. User-R:  5168.5 MB/s   | DIMM-W:  2600.3 MB/s, User-W:   644.6 MB/s. Time:   0.90s.[0m
App Read:  4672.8 MB, Raw Read:  9872.5 MB, App Write:   582.8 MB, Raw Write:  2350.9 MB
[32mDestroy IPMWatcher.
[0m
