key trace size: 50000000
Randomize the trace...------------------------------------------------
HashType:              CCEH
Init Capacity:         16777216
Entries:               50000000
Trace size:            50000000
Read:                  1000000 
Write:                 1000000 
Thread:                20 
Report interval:       0 s
Stats interval:        10000000 records
benchmarks:            load,readrandom
------------------------------------------------
[32mStart IPMWatcher for load
[0mthread 19, between 47500000 - 50000000
thread  1, between 2500000 - 5000000
thread  0, between 0 - 2500000
thread  8, between 20000000 - 22500000
thread  9, between 22500000 - 25000000
thread 15, between 37500000 - 40000000
thread 16, between 40000000 - 42500000
thread  4, between 10000000 - 12500000
thread  2, between 5000000 - 7500000
thread 14, between 35000000 - 37500000
thread  7, between 17500000 - 20000000
thread 18, between 45000000 - 47500000
thread  5, between 12500000 - 15000000
thread 17, between 42500000 - 45000000
thread 11, between 27500000 - 30000000
thread 13, between 32500000 - 35000000
thread  6, between 15000000 - 17500000
thread 10, between 25000000 - 27500000
thread 12, between 30000000 - 32500000
thread  3, between 7500000 - 10000000
load         :       0.066 micros/op 14.361440 Mops/s;
[34mDIMM0 | Read from IMC | Write from IMC |  Read DIMM  |  Write DIMM  |   RA   |   WA   |
  MB  |       2698.19 |        1114.53 |     5593.60 |      3619.98 |   2.07 |   3.25 |[0m
[34mDIMM1 | Read from IMC | Write from IMC |  Read DIMM  |  Write DIMM  |   RA   |   WA   |
  MB  |       2697.04 |        1114.30 |     5602.08 |      3621.85 |   2.08 |   3.25 |[0m
[34mDIMM2 | Read from IMC | Write from IMC |  Read DIMM  |  Write DIMM  |   RA   |   WA   |
  MB  |       2698.76 |        1114.59 |     5575.01 |      3611.47 |   2.07 |   3.24 |[0m
[34mDIMM3 | Read from IMC | Write from IMC |  Read DIMM  |  Write DIMM  |   RA   |   WA   |
  MB  |       2060.55 |         799.62 |     3682.53 |      2355.34 |   1.79 |   2.95 |[0m
[34mDIMM4 | Read from IMC | Write from IMC |  Read DIMM  |  Write DIMM  |   RA   |   WA   |
  MB  |       2058.19 |         798.98 |     3676.79 |      2353.98 |   1.79 |   2.95 |[0m
[34mDIMM5 | Read from IMC | Write from IMC |  Read DIMM  |  Write DIMM  |   RA   |   WA   |
  MB  |       2057.87 |         799.10 |     3655.12 |      2340.44 |   1.78 |   2.93 |[0m
[34m*SUM* | DIMM-R:  8367.0 MB/s. User-R:  4297.3 MB/s   | DIMM-W:  5391.2 MB/s, User-W:  1728.8 MB/s. Time:   3.32s.[0m
App Read: 14270.6 MB, Raw Read: 27785.1 MB, App Write:  5741.1 MB, Raw Write: 17903.1 MB
[32mDestroy IPMWatcher.
[0m
Randomize the trace...[32mStart IPMWatcher for readrandom
[0mreadrandom   :       0.050 micros/op 19.021633 Mops/s; (num: 1000000, not find: 0)
[34mDIMM0 | Read from IMC | Write from IMC |  Read DIMM  |  Write DIMM  |   RA   |   WA   |
  MB  |       1175.40 |         236.46 |     2697.93 |       952.48 |   2.30 |   4.03 |[0m
[34mDIMM1 | Read from IMC | Write from IMC |  Read DIMM  |  Write DIMM  |   RA   |   WA   |
  MB  |       1167.02 |         236.73 |     2691.89 |       954.25 |   2.31 |   4.03 |[0m
[34mDIMM2 | Read from IMC | Write from IMC |  Read DIMM  |  Write DIMM  |   RA   |   WA   |
  MB  |       1182.74 |         236.35 |     2703.84 |       952.15 |   2.29 |   4.03 |[0m
[34mDIMM3 | Read from IMC | Write from IMC |  Read DIMM  |  Write DIMM  |   RA   |   WA   |
  MB  |        754.63 |           0.03 |     1385.56 |         1.36 |   1.84 |  50.28 |[0m
[34mDIMM4 | Read from IMC | Write from IMC |  Read DIMM  |  Write DIMM  |   RA   |   WA   |
  MB  |        752.13 |           0.03 |     1382.43 |         1.36 |   1.84 |  50.42 |[0m
[34mDIMM5 | Read from IMC | Write from IMC |  Read DIMM  |  Write DIMM  |   RA   |   WA   |
  MB  |        748.76 |           0.03 |     1377.89 |         1.32 |   1.84 |  48.81 |[0m
[34m*SUM* | DIMM-R: 12199.6 MB/s. User-R:  5761.8 MB/s   | DIMM-W:  2853.6 MB/s, User-W:   707.3 MB/s. Time:   1.00s.[0m
App Read:  5780.7 MB, Raw Read: 12239.5 MB, App Write:   709.6 MB, Raw Write:  2862.9 MB
[32mDestroy IPMWatcher.
[0m
